Start testing: Jan 03 23:36 中国标准时间
----------------------------------------------------------
Unable to find executable: test_solid
1/1 Testing: unitTest_solid
1/1 Test: unitTest_solid
Command: ""
Directory: C:/Users/Lenovo/Desktop/thermal/workstation/test0/build/unitTest
"unitTest_solid" start time: 
Output:
----------------------------------------------------------
<end of output>
Test time =   0.00 sec
----------------------------------------------------------
Test Passed.
"unitTest_solid" end time: Jan 03 23:36 中国标准时间
"unitTest_solid" time elapsed: 00:00:00
----------------------------------------------------------

End testing: Jan 03 23:36 中国标准时间
